<?xml version="1.0" encoding="UTF-8"?>
<!-- Generated by org.testng.reporters.JUnitReportReporter -->
<testsuite hostname="BUDDHIKA-02" failures="0" tests="4" name="api.test.UserTests" time="7.581" errors="0" timestamp="2025-03-14T08:32:37 IST" skipped="0">
  <testcase classname="api.test.UserTests" name="testPostUser" time="2.811"/>
  <testcase classname="api.test.UserTests" name="testGetUserByName" time="1.270"/>
  <testcase classname="api.test.UserTests" name="testUpdateUserByName" time="2.253"/>
  <testcase classname="api.test.UserTests" name="testDeleteUserByName" time="1.247"/>
</testsuite> <!-- api.test.UserTests -->
